<?xml version="1.0" encoding="UTF-8"?>
<!-- Generated by org.testng.reporters.JUnitXMLReporter -->
<testsuite ignored="0" hostname="LAPTOP-PQCP03FT" failures="1" tests="1" name="createnewaccount" time="0.075" errors="0" timestamp="23 Dec 2019 01:46:50 GMT">
  <testcase classname="Testcases.accountcreation2" name="Entercusdetails" time="0.067">
    <failure type="org.testng.internal.reflect.MethodMatcherException" message="
Data provider mismatch
Method: Entercusdetails([Parameter{index=0, type=java.lang.String, declaredAnnotations=[]}, Parameter{index=1, type=java.lang.String, declaredAnnotations=[]}, Parameter{index=2, type=java.lang.String, declaredAnnotations=[]}, Parameter{index=3, type=java.lang.String, declaredAnnotations=[]}, Parameter{index=4, type=java.lang.String, declaredAnnotations=[]}, Parameter{index=5, type=java.lang.String, declaredAnnotations=[]}, Parameter{index=6, type=java.lang.String, declaredAnnotations=[]}, Parameter{index=7, type=java.lang.String, declaredAnnotations=[]}, Parameter{index=8, type=java.lang.String, declaredAnnotations=[]}, Parameter{index=9, type=java.lang.String, declaredAnnotations=[]}, Parameter{index=10, type=java.lang.Integer, declaredAnnotations=[]}, Parameter{index=11, type=java.lang.String, declaredAnnotations=[]}])
Arguments: [(java.lang.String)uma,(java.lang.String)ram,(java.lang.String),(java.lang.String)19/91/87,(java.lang.String)umaram@gmail.com,(java.lang.String)New street,(java.lang.String),(java.lang.String),(java.lang.String)3189.0,(java.lang.String)united states,(java.lang.String)9.87678965E8,(java.lang.String)]">
      <![CDATA[org.testng.internal.reflect.MethodMatcherException: 
Data provider mismatch
Method: Entercusdetails([Parameter{index=0, type=java.lang.String, declaredAnnotations=[]}, Parameter{index=1, type=java.lang.String, declaredAnnotations=[]}, Parameter{index=2, type=java.lang.String, declaredAnnotations=[]}, Parameter{index=3, type=java.lang.String, declaredAnnotations=[]}, Parameter{index=4, type=java.lang.String, declaredAnnotations=[]}, Parameter{index=5, type=java.lang.String, declaredAnnotations=[]}, Parameter{index=6, type=java.lang.String, declaredAnnotations=[]}, Parameter{index=7, type=java.lang.String, declaredAnnotations=[]}, Parameter{index=8, type=java.lang.String, declaredAnnotations=[]}, Parameter{index=9, type=java.lang.String, declaredAnnotations=[]}, Parameter{index=10, type=java.lang.Integer, declaredAnnotations=[]}, Parameter{index=11, type=java.lang.String, declaredAnnotations=[]}])
Arguments: [(java.lang.String)uma,(java.lang.String)ram,(java.lang.String),(java.lang.String)19/91/87,(java.lang.String)umaram@gmail.com,(java.lang.String)New street,(java.lang.String),(java.lang.String),(java.lang.String)3189.0,(java.lang.String)united states,(java.lang.String)9.87678965E8,(java.lang.String)]
... Removed 20 stack frames]]>
    </failure>
  </testcase> <!-- Entercusdetails -->
</testsuite> <!-- createnewaccount -->
