<?xml version="1.0" encoding="UTF-8"?>
<!-- Generated by org.testng.reporters.JUnitXMLReporter -->
<testsuite ignored="0" hostname="LAPTOP-PQCP03FT" failures="0" tests="3" name="dataproviderlogin" time="11.435" errors="0" timestamp="17 Dec 2019 02:52:52 GMT">
  <testcase classname="Testcases.dataproviderlogin" name="clicksignin" time="4.003"/>
  <testcase classname="Testcases.dataproviderlogin" name="clicksignin" time="3.236"/>
  <testcase classname="Testcases.dataproviderlogin" name="clicksignin" time="3.098"/>
</testsuite> <!-- dataproviderlogin -->
